2022-06-22 12:51:20,166 INFO org.hibernate.validator.internal.util.Version [background-preinit] HV000001: Hibernate Validator 6.2.3.Final
2022-06-22 12:51:20,189 INFO org.springframework.boot.StartupInfoLogger [main] Starting SpringDemoApplication using Java 17.0.3 on DESKTOP-70MS78V with PID 18340 (C:\Users\arons\OneDrive\Desktop\mavenprojects\SpringBootMasterClass\spring_demo - 1.2.0 - with Docker\target\classes started by arons in C:\Users\arons\OneDrive\Desktop\mavenprojects\SpringBootMasterClass\spring_demo - 1.2.0 - with Docker)
2022-06-22 12:51:20,216 INFO org.springframework.boot.SpringApplication [main] No active profile set, falling back to 1 default profile: "default"
2022-06-22 12:51:21,903 INFO org.springframework.data.repository.config.RepositoryConfigurationDelegate [main] Bootstrapping Spring Data JPA repositories in DEFAULT mode.
2022-06-22 12:51:21,975 INFO org.springframework.data.repository.config.RepositoryConfigurationDelegate [main] Finished Spring Data repository scanning in 59 ms. Found 1 JPA repository interfaces.
2022-06-22 12:51:22,199 INFO org.springframework.cloud.context.scope.GenericScope [main] BeanFactory id=a780ca5a-9ead-3b3d-9752-c8cc66da6ff4
2022-06-22 12:51:22,606 INFO org.springframework.boot.web.embedded.tomcat.TomcatWebServer [main] Tomcat initialized with port(s): 1234 (http)
2022-06-22 12:51:22,618 INFO org.apache.juli.logging.DirectJDKLog [main] Initializing ProtocolHandler ["http-nio-1234"]
2022-06-22 12:51:22,619 INFO org.apache.juli.logging.DirectJDKLog [main] Starting service [Tomcat]
2022-06-22 12:51:22,620 INFO org.apache.juli.logging.DirectJDKLog [main] Starting Servlet engine: [Apache Tomcat/9.0.63]
2022-06-22 12:51:22,786 INFO org.apache.juli.logging.DirectJDKLog [main] Initializing Spring embedded WebApplicationContext
2022-06-22 12:51:22,786 INFO org.springframework.boot.web.servlet.context.ServletWebServerApplicationContext [main] Root WebApplicationContext: initialization completed in 2499 ms
2022-06-22 12:51:22,956 INFO com.zaxxer.hikari.HikariDataSource [main] HikariPool-1 - Starting...
2022-06-22 12:51:23,369 INFO com.zaxxer.hikari.HikariDataSource [main] HikariPool-1 - Start completed.
2022-06-22 12:51:23,391 INFO org.springframework.boot.autoconfigure.h2.H2ConsoleAutoConfiguration [main] H2 console available at '/h2'. Database available at 'jdbc:h2:file:/Users/arons/OneDrive/Desktop/mavenprojects/SpringBootMasterClass/spring_demo - 1.2/src/main/resources/data/customers'
2022-06-22 12:51:23,594 INFO org.hibernate.jpa.internal.util.LogHelper [main] HHH000204: Processing PersistenceUnitInfo [name: default]
2022-06-22 12:51:23,692 INFO org.hibernate.Version [main] HHH000412: Hibernate ORM core version 5.6.9.Final
2022-06-22 12:51:23,891 INFO org.hibernate.annotations.common.reflection.java.JavaReflectionManager [main] HCANN000001: Hibernate Commons Annotations {5.1.2.Final}
2022-06-22 12:51:24,025 INFO org.hibernate.dialect.Dialect [main] HHH000400: Using dialect: org.hibernate.dialect.H2Dialect
2022-06-22 12:51:24,860 INFO org.hibernate.engine.transaction.jta.platform.internal.JtaPlatformInitiator [main] HHH000490: Using JtaPlatform implementation: [org.hibernate.engine.transaction.jta.platform.internal.NoJtaPlatform]
2022-06-22 12:51:24,870 INFO org.springframework.orm.jpa.AbstractEntityManagerFactoryBean [main] Initialized JPA EntityManagerFactory for persistence unit 'default'
2022-06-22 12:51:25,213 WARN org.springframework.boot.autoconfigure.orm.jpa.JpaBaseConfiguration$JpaWebConfiguration [main] spring.jpa.open-in-view is enabled by default. Therefore, database queries may be performed during view rendering. Explicitly configure spring.jpa.open-in-view to disable this warning
2022-06-22 12:51:27,791 INFO org.springframework.boot.actuate.endpoint.web.EndpointLinksResolver [main] Exposing 3 endpoint(s) beneath base path '/actuator'
2022-06-22 12:51:27,911 INFO org.apache.juli.logging.DirectJDKLog [main] Starting ProtocolHandler ["http-nio-1234"]
2022-06-22 12:51:28,021 INFO org.springframework.boot.web.embedded.tomcat.TomcatWebServer [main] Tomcat started on port(s): 1234 (http) with context path ''
2022-06-22 12:51:29,426 INFO org.springframework.boot.StartupInfoLogger [main] Started SpringDemoApplication in 10.916 seconds (JVM running for 13.874)
2022-06-22 12:51:46,229 INFO org.springframework.orm.jpa.AbstractEntityManagerFactoryBean [SpringApplicationShutdownHook] Closing JPA EntityManagerFactory for persistence unit 'default'
2022-06-22 12:51:46,230 INFO org.hibernate.tool.schema.internal.SchemaDropperImpl$DelayedDropActionImpl [SpringApplicationShutdownHook] HHH000477: Starting delayed evictData of schema as part of SessionFactory shut-down'
2022-06-22 12:51:46,517 INFO com.zaxxer.hikari.HikariDataSource [SpringApplicationShutdownHook] HikariPool-1 - Shutdown initiated...
2022-06-22 12:51:46,597 INFO com.zaxxer.hikari.HikariDataSource [SpringApplicationShutdownHook] HikariPool-1 - Shutdown completed.
2022-06-22 12:51:54,441 INFO org.hibernate.validator.internal.util.Version [background-preinit] HV000001: Hibernate Validator 6.2.3.Final
2022-06-22 12:51:54,445 INFO org.springframework.boot.StartupInfoLogger [main] Starting SpringDemoApplication using Java 17.0.3 on DESKTOP-70MS78V with PID 22600 (C:\Users\arons\OneDrive\Desktop\mavenprojects\SpringBootMasterClass\spring_demo - 1.2.0 - with Docker\target\classes started by arons in C:\Users\arons\OneDrive\Desktop\mavenprojects\SpringBootMasterClass\spring_demo - 1.2.0 - with Docker)
2022-06-22 12:51:54,447 INFO org.springframework.boot.SpringApplication [main] The following 1 profile is active: "dev"
2022-06-22 12:51:55,482 INFO org.springframework.data.repository.config.RepositoryConfigurationDelegate [main] Bootstrapping Spring Data JPA repositories in DEFAULT mode.
2022-06-22 12:51:55,539 INFO org.springframework.data.repository.config.RepositoryConfigurationDelegate [main] Finished Spring Data repository scanning in 47 ms. Found 1 JPA repository interfaces.
2022-06-22 12:51:55,724 INFO org.springframework.cloud.context.scope.GenericScope [main] BeanFactory id=a780ca5a-9ead-3b3d-9752-c8cc66da6ff4
2022-06-22 12:51:56,065 INFO org.springframework.boot.web.embedded.tomcat.TomcatWebServer [main] Tomcat initialized with port(s): 1234 (http)
2022-06-22 12:51:56,072 INFO org.apache.juli.logging.DirectJDKLog [main] Initializing ProtocolHandler ["http-nio-1234"]
2022-06-22 12:51:56,073 INFO org.apache.juli.logging.DirectJDKLog [main] Starting service [Tomcat]
2022-06-22 12:51:56,073 INFO org.apache.juli.logging.DirectJDKLog [main] Starting Servlet engine: [Apache Tomcat/9.0.63]
2022-06-22 12:51:56,243 INFO org.apache.juli.logging.DirectJDKLog [main] Initializing Spring embedded WebApplicationContext
2022-06-22 12:51:56,244 INFO org.springframework.boot.web.servlet.context.ServletWebServerApplicationContext [main] Root WebApplicationContext: initialization completed in 1725 ms
2022-06-22 12:51:56,407 INFO com.zaxxer.hikari.HikariDataSource [main] HikariPool-1 - Starting...
2022-06-22 12:51:56,652 INFO com.zaxxer.hikari.HikariDataSource [main] HikariPool-1 - Start completed.
2022-06-22 12:51:56,664 INFO org.springframework.boot.autoconfigure.h2.H2ConsoleAutoConfiguration [main] H2 console available at '/h2'. Database available at 'jdbc:postgresql://localhost:5432/customer3'
2022-06-22 12:51:56,784 INFO org.hibernate.jpa.internal.util.LogHelper [main] HHH000204: Processing PersistenceUnitInfo [name: default]
2022-06-22 12:51:56,840 INFO org.hibernate.Version [main] HHH000412: Hibernate ORM core version 5.6.9.Final
2022-06-22 12:51:57,009 INFO org.hibernate.annotations.common.reflection.java.JavaReflectionManager [main] HCANN000001: Hibernate Commons Annotations {5.1.2.Final}
2022-06-22 12:51:57,128 INFO org.hibernate.dialect.Dialect [main] HHH000400: Using dialect: org.hibernate.dialect.PostgreSQLDialect
2022-06-22 12:51:57,732 WARN org.hibernate.engine.jdbc.spi.SqlExceptionHelper$StandardWarningHandler [main] SQL Warning Code: 0, SQLState: 00000
2022-06-22 12:51:57,733 WARN org.hibernate.engine.jdbc.spi.SqlExceptionHelper$StandardWarningHandler [main] table "customer" does not exist, skipping
2022-06-22 12:51:57,769 INFO org.hibernate.engine.transaction.jta.platform.internal.JtaPlatformInitiator [main] HHH000490: Using JtaPlatform implementation: [org.hibernate.engine.transaction.jta.platform.internal.NoJtaPlatform]
2022-06-22 12:51:57,778 INFO org.springframework.orm.jpa.AbstractEntityManagerFactoryBean [main] Initialized JPA EntityManagerFactory for persistence unit 'default'
2022-06-22 12:51:58,133 WARN org.springframework.boot.autoconfigure.orm.jpa.JpaBaseConfiguration$JpaWebConfiguration [main] spring.jpa.open-in-view is enabled by default. Therefore, database queries may be performed during view rendering. Explicitly configure spring.jpa.open-in-view to disable this warning
2022-06-22 12:52:00,385 INFO org.springframework.boot.actuate.endpoint.web.EndpointLinksResolver [main] Exposing 3 endpoint(s) beneath base path '/actuator'
2022-06-22 12:52:00,473 INFO org.apache.juli.logging.DirectJDKLog [main] Starting ProtocolHandler ["http-nio-1234"]
2022-06-22 12:52:00,505 INFO org.springframework.boot.web.embedded.tomcat.TomcatWebServer [main] Tomcat started on port(s): 1234 (http) with context path ''
2022-06-22 12:52:01,660 INFO org.springframework.boot.StartupInfoLogger [main] Started SpringDemoApplication in 9.064 seconds (JVM running for 12.149)
2022-06-22 12:52:02,803 INFO org.apache.juli.logging.DirectJDKLog [RMI TCP Connection(3)-100.127.255.253] Initializing Spring DispatcherServlet 'dispatcherServlet'
2022-06-22 12:52:02,803 INFO org.springframework.web.servlet.FrameworkServlet [RMI TCP Connection(3)-100.127.255.253] Initializing Servlet 'dispatcherServlet'
2022-06-22 12:52:02,806 INFO org.springframework.web.servlet.FrameworkServlet [RMI TCP Connection(3)-100.127.255.253] Completed initialization in 2 ms
2022-06-22 12:52:04,594 INFO aron.szoke.spring_demo.customer.CustomerService [http-nio-1234-exec-1] retrieving all customers
2022-06-22 12:54:09,524 WARN org.springframework.web.servlet.handler.AbstractHandlerExceptionResolver [http-nio-1234-exec-6] Resolved [org.springframework.web.bind.MissingServletRequestParameterException: Required request parameter 'password' for method parameter type String is not present]
2022-06-22 12:54:21,775 WARN org.springframework.web.servlet.handler.AbstractHandlerExceptionResolver [http-nio-1234-exec-8] Resolved [org.springframework.web.bind.MissingServletRequestParameterException: Required request parameter 'email' for method parameter type String is not present]
2022-06-22 15:12:40,156 WARN com.zaxxer.hikari.pool.HikariPool$HouseKeeper [HikariPool-1 housekeeper] HikariPool-1 - Thread starvation or clock leap detected (housekeeper delta=59m42s166ms90µs600ns).
2022-06-22 16:09:19,334 WARN com.zaxxer.hikari.pool.HikariPool$HouseKeeper [HikariPool-1 housekeeper] HikariPool-1 - Thread starvation or clock leap detected (housekeeper delta=33m38s783ms41µs).
